This is pdfTeX, Version 3.141592653-2.6-1.40.27 (MiKTeX 25.3) (preloaded format=pdflatex 2025.4.28)  25 MAY 2026 17:54
entering extended mode
 restricted \write18 enabled.
 %&-line parsing enabled.
**./CloudDelphi.tex
(CloudDelphi.tex
LaTeX2e <2022-11-01> patch level 1
L3 programming layer <2023-03-30>
(C:\Users\Usuario.DESKTOP-6PECA74\AppData\Local\Programs\MiKTeX\tex/latex/base\
article.cls
Document Class: article 2022/07/02 v1.4n Standard LaTeX document class

(C:\Users\Usuario.DESKTOP-6PECA74\AppData\Local\Programs\MiKTeX\tex/latex/base\
size11.clo
File: size11.clo 2022/07/02 v1.4n Standard LaTeX file (size option)
)
\c@part=\count185
\c@section=\count186
\c@subsection=\count187
\c@subsubsection=\count188
\c@paragraph=\count189
\c@subparagraph=\count190
\c@figure=\count191
\c@table=\count192
\abovecaptionskip=\skip48
\belowcaptionskip=\skip49
\bibindent=\dimen140
)
(C:\Users\Usuario.DESKTOP-6PECA74\AppData\Local\Programs\MiKTeX\tex/latex/base\
inputenc.sty
Package: inputenc 2021/02/14 v1.3d Input encoding file
\inpenc@prehook=\toks16
\inpenc@posthook=\toks17
)
(C:\Users\Usuario.DESKTOP-6PECA74\AppData\Local\Programs\MiKTeX\tex/generic/bab
el\babel.sty
Package: babel 2025/03/27 v25.6 The multilingual framework for pdfLaTeX, LuaLaT
eX and XeLaTeX
\babel@savecnt=\count193
\U@D=\dimen141
\l@unhyphenated=\language79

(C:\Users\Usuario.DESKTOP-6PECA74\AppData\Local\Programs\MiKTeX\tex/generic/bab
el\txtbabel.def)
\bbl@readstream=\read2
\bbl@dirlevel=\count194

*************************************
* Local config file bblopts.cfg used
*

(C:\Users\Usuario.DESKTOP-6PECA74\AppData\Local\Programs\MiKTeX\tex/latex/arabi
\bblopts.cfg
File: bblopts.cfg 2005/09/08 v0.1 add Arabic and Farsi to "declared" options of
 babel
)
(C:\Users\Usuario.DESKTOP-6PECA74\AppData\Local\Programs\MiKTeX\tex/latex/babel
-spanish\spanish.ldf
Language: spanish.ldf 2016/03/03 v5.0p Spanish support from the babel system
\es@quottoks=\toks18
\es@quotdepth=\count195
Package babel Info: Making " an active character on input line 561.
Package babel Info: Making . an active character on input line 662.
Package babel Info: Making < an active character on input line 707.
Package babel Info: Making > an active character on input line 707.
))
(C:\Users\Usuario.DESKTOP-6PECA74\AppData\Local\Programs\MiKTeX\tex/generic/bab
el/locale/es\babel-spanish.tex
Package babel Info: Importing font and identification data for spanish
(babel)             from babel-es.ini. Reported on input line 11.
)
(C:\Users\Usuario.DESKTOP-6PECA74\AppData\Local\Programs\MiKTeX\tex/latex/amsma
th\amsmath.sty
Package: amsmath 2022/04/08 v2.17n AMS math features
\@mathmargin=\skip50

For additional information on amsmath, use the `?' option.

(C:\Users\Usuario.DESKTOP-6PECA74\AppData\Local\Programs\MiKTeX\tex/latex/amsma
th\amstext.sty
Package: amstext 2021/08/26 v2.01 AMS text

(C:\Users\Usuario.DESKTOP-6PECA74\AppData\Local\Programs\MiKTeX\tex/latex/amsma
th\amsgen.sty
File: amsgen.sty 1999/11/30 v2.0 generic functions
\@emptytoks=\toks19
\ex@=\dimen142
))
(C:\Users\Usuario.DESKTOP-6PECA74\AppData\Local\Programs\MiKTeX\tex/latex/amsma
th\amsbsy.sty
Package: amsbsy 1999/11/29 v1.2d Bold Symbols
\pmbraise@=\dimen143
)
(C:\Users\Usuario.DESKTOP-6PECA74\AppData\Local\Programs\MiKTeX\tex/latex/amsma
th\amsopn.sty
Package: amsopn 2022/04/08 v2.04 operator names
)
\inf@bad=\count196
LaTeX Info: Redefining \frac on input line 234.
\uproot@=\count197
\leftroot@=\count198
LaTeX Info: Redefining \overline on input line 399.
LaTeX Info: Redefining \colon on input line 410.
\classnum@=\count199
\DOTSCASE@=\count266
LaTeX Info: Redefining \ldots on input line 496.
LaTeX Info: Redefining \dots on input line 499.
LaTeX Info: Redefining \cdots on input line 620.
\Mathstrutbox@=\box51
\strutbox@=\box52
LaTeX Info: Redefining \big on input line 722.
LaTeX Info: Redefining \Big on input line 723.
LaTeX Info: Redefining \bigg on input line 724.
LaTeX Info: Redefining \Bigg on input line 725.
\big@size=\dimen144
LaTeX Font Info:    Redeclaring font encoding OML on input line 743.
LaTeX Font Info:    Redeclaring font encoding OMS on input line 744.
\macc@depth=\count267
LaTeX Info: Redefining \bmod on input line 905.
LaTeX Info: Redefining \pmod on input line 910.
LaTeX Info: Redefining \smash on input line 940.
LaTeX Info: Redefining \relbar on input line 970.
LaTeX Info: Redefining \Relbar on input line 971.
\c@MaxMatrixCols=\count268
\dotsspace@=\muskip16
\c@parentequation=\count269
\dspbrk@lvl=\count270
\tag@help=\toks20
\row@=\count271
\column@=\count272
\maxfields@=\count273
\andhelp@=\toks21
\eqnshift@=\dimen145
\alignsep@=\dimen146
\tagshift@=\dimen147
\tagwidth@=\dimen148
\totwidth@=\dimen149
\lineht@=\dimen150
\@envbody=\toks22
\multlinegap=\skip51
\multlinetaggap=\skip52
\mathdisplay@stack=\toks23
LaTeX Info: Redefining \[ on input line 2953.
LaTeX Info: Redefining \] on input line 2954.
)
(C:\Users\Usuario.DESKTOP-6PECA74\AppData\Local\Programs\MiKTeX\tex/latex/amsfo
nts\amsfonts.sty
Package: amsfonts 2013/01/14 v3.01 Basic AMSFonts support
\symAMSa=\mathgroup4
\symAMSb=\mathgroup5
LaTeX Font Info:    Redeclaring math symbol \hbar on input line 98.
LaTeX Font Info:    Overwriting math alphabet `\mathfrak' in version `bold'
(Font)                  U/euf/m/n --> U/euf/b/n on input line 106.
)
(C:\Users\Usuario.DESKTOP-6PECA74\AppData\Local\Programs\MiKTeX\tex/latex/amsfo
nts\amssymb.sty
Package: amssymb 2013/01/14 v3.01 AMS font symbols
)
(C:\Users\Usuario.DESKTOP-6PECA74\AppData\Local\Programs\MiKTeX\tex/latex/graph
ics\graphicx.sty
Package: graphicx 2021/09/16 v1.2d Enhanced LaTeX Graphics (DPC,SPQR)

(C:\Users\Usuario.DESKTOP-6PECA74\AppData\Local\Programs\MiKTeX\tex/latex/graph
ics\keyval.sty
Package: keyval 2022/05/29 v1.15 key=value parser (DPC)
\KV@toks@=\toks24
)
(C:\Users\Usuario.DESKTOP-6PECA74\AppData\Local\Programs\MiKTeX\tex/latex/graph
ics\graphics.sty
Package: graphics 2022/03/10 v1.4e Standard LaTeX Graphics (DPC,SPQR)

(C:\Users\Usuario.DESKTOP-6PECA74\AppData\Local\Programs\MiKTeX\tex/latex/graph
ics\trig.sty
Package: trig 2021/08/11 v1.11 sin cos tan (DPC)
)
(C:\Users\Usuario.DESKTOP-6PECA74\AppData\Local\Programs\MiKTeX\tex/latex/graph
ics-cfg\graphics.cfg
File: graphics.cfg 2016/06/04 v1.11 sample graphics configuration
)
Package graphics Info: Driver file: pdftex.def on input line 107.

(C:\Users\Usuario.DESKTOP-6PECA74\AppData\Local\Programs\MiKTeX\tex/latex/graph
ics-def\pdftex.def
File: pdftex.def 2022/09/22 v1.2b Graphics/color driver for pdftex
))
\Gin@req@height=\dimen151
\Gin@req@width=\dimen152
)
(C:\Users\Usuario.DESKTOP-6PECA74\AppData\Local\Programs\MiKTeX\tex/latex/bookt
abs\booktabs.sty
Package: booktabs 2020/01/12 v1.61803398 Publication quality tables
\heavyrulewidth=\dimen153
\lightrulewidth=\dimen154
\cmidrulewidth=\dimen155
\belowrulesep=\dimen156
\belowbottomsep=\dimen157
\aboverulesep=\dimen158
\abovetopsep=\dimen159
\cmidrulesep=\dimen160
\cmidrulekern=\dimen161
\defaultaddspace=\dimen162
\@cmidla=\count274
\@cmidlb=\count275
\@aboverulesep=\dimen163
\@belowrulesep=\dimen164
\@thisruleclass=\count276
\@lastruleclass=\count277
\@thisrulewidth=\dimen165
)
(C:\Users\Usuario.DESKTOP-6PECA74\AppData\Local\Programs\MiKTeX\tex/latex/geome
try\geometry.sty
Package: geometry 2020/01/02 v5.9 Page Geometry

(C:\Users\Usuario.DESKTOP-6PECA74\AppData\Local\Programs\MiKTeX\tex/generic/ift
ex\ifvtex.sty
Package: ifvtex 2019/10/25 v1.7 ifvtex legacy package. Use iftex instead.

(C:\Users\Usuario.DESKTOP-6PECA74\AppData\Local\Programs\MiKTeX\tex/generic/ift
ex\iftex.sty
Package: iftex 2024/12/12 v1.0g TeX engine tests
))
\Gm@cnth=\count278
\Gm@cntv=\count279
\c@Gm@tempcnt=\count280
\Gm@bindingoffset=\dimen166
\Gm@wd@mp=\dimen167
\Gm@odd@mp=\dimen168
\Gm@even@mp=\dimen169
\Gm@layoutwidth=\dimen170
\Gm@layoutheight=\dimen171
\Gm@layouthoffset=\dimen172
\Gm@layoutvoffset=\dimen173
\Gm@dimlist=\toks25

(C:\Users\Usuario.DESKTOP-6PECA74\AppData\Local\Programs\MiKTeX\tex/latex/geome
try\geometry.cfg))
(C:\Users\Usuario.DESKTOP-6PECA74\AppData\Local\Programs\MiKTeX\tex/latex/title
sec\titlesec.sty
Package: titlesec 2021/07/05 v2.14 Sectioning titles
\ttl@box=\box53
\beforetitleunit=\skip53
\aftertitleunit=\skip54
\ttl@plus=\dimen174
\ttl@minus=\dimen175
\ttl@toksa=\toks26
\titlewidth=\dimen176
\titlewidthlast=\dimen177
\titlewidthfirst=\dimen178
)
(C:\Users\Usuario.DESKTOP-6PECA74\AppData\Local\Programs\MiKTeX\tex/latex/xcolo
r\xcolor.sty
Package: xcolor 2022/06/12 v2.14 LaTeX color extensions (UK)

(C:\Users\Usuario.DESKTOP-6PECA74\AppData\Local\Programs\MiKTeX\tex/latex/graph
ics-cfg\color.cfg
File: color.cfg 2016/01/02 v1.6 sample color configuration
)
Package xcolor Info: Driver file: pdftex.def on input line 227.

(C:\Users\Usuario.DESKTOP-6PECA74\AppData\Local\Programs\MiKTeX\tex/latex/graph
ics\mathcolor.ltx)
Package xcolor Info: Model `cmy' substituted by `cmy0' on input line 1353.
Package xcolor Info: Model `hsb' substituted by `rgb' on input line 1357.
Package xcolor Info: Model `RGB' extended on input line 1369.
Package xcolor Info: Model `HTML' substituted by `rgb' on input line 1371.
Package xcolor Info: Model `Hsb' substituted by `hsb' on input line 1372.
Package xcolor Info: Model `tHsb' substituted by `hsb' on input line 1373.
Package xcolor Info: Model `HSB' substituted by `hsb' on input line 1374.
Package xcolor Info: Model `Gray' substituted by `gray' on input line 1375.
Package xcolor Info: Model `wave' substituted by `hsb' on input line 1376.
)
(C:\Users\Usuario.DESKTOP-6PECA74\AppData\Local\Programs\MiKTeX\tex/latex/hyper
ref\hyperref.sty
Package: hyperref 2023-02-07 v7.00v Hypertext links for LaTeX

(C:\Users\Usuario.DESKTOP-6PECA74\AppData\Local\Programs\MiKTeX\tex/generic/ltx
cmds\ltxcmds.sty
Package: ltxcmds 2023-12-04 v1.26 LaTeX kernel commands for general use (HO)
)
(C:\Users\Usuario.DESKTOP-6PECA74\AppData\Local\Programs\MiKTeX\tex/generic/pdf
texcmds\pdftexcmds.sty
Package: pdftexcmds 2020-06-27 v0.33 Utility functions of pdfTeX for LuaTeX (HO
)

(C:\Users\Usuario.DESKTOP-6PECA74\AppData\Local\Programs\MiKTeX\tex/generic/inf
warerr\infwarerr.sty
Package: infwarerr 2019/12/03 v1.5 Providing info/warning/error messages (HO)
)
Package pdftexcmds Info: \pdf@primitive is available.
Package pdftexcmds Info: \pdf@ifprimitive is available.
Package pdftexcmds Info: \pdfdraftmode found.
)
(C:\Users\Usuario.DESKTOP-6PECA74\AppData\Local\Programs\MiKTeX\tex/latex/kvset
keys\kvsetkeys.sty
Package: kvsetkeys 2022-10-05 v1.19 Key value parser (HO)
)
(C:\Users\Usuario.DESKTOP-6PECA74\AppData\Local\Programs\MiKTeX\tex/generic/kvd
efinekeys\kvdefinekeys.sty
Package: kvdefinekeys 2019-12-19 v1.6 Define keys (HO)
)
(C:\Users\Usuario.DESKTOP-6PECA74\AppData\Local\Programs\MiKTeX\tex/generic/pdf
escape\pdfescape.sty
Package: pdfescape 2019/12/09 v1.15 Implements pdfTeX's escape features (HO)
)
(C:\Users\Usuario.DESKTOP-6PECA74\AppData\Local\Programs\MiKTeX\tex/latex/hycol
or\hycolor.sty
Package: hycolor 2020-01-27 v1.10 Color options for hyperref/bookmark (HO)
)
(C:\Users\Usuario.DESKTOP-6PECA74\AppData\Local\Programs\MiKTeX\tex/latex/letlt
xmacro\letltxmacro.sty
Package: letltxmacro 2019/12/03 v1.6 Let assignment for LaTeX macros (HO)
)
(C:\Users\Usuario.DESKTOP-6PECA74\AppData\Local\Programs\MiKTeX\tex/latex/auxho
ok\auxhook.sty
Package: auxhook 2019-12-17 v1.6 Hooks for auxiliary files (HO)
)
(C:\Users\Usuario.DESKTOP-6PECA74\AppData\Local\Programs\MiKTeX\tex/latex/hyper
ref\nameref.sty
Package: nameref 2022-05-17 v2.50 Cross-referencing by name of section

(C:\Users\Usuario.DESKTOP-6PECA74\AppData\Local\Programs\MiKTeX\tex/latex/refco
unt\refcount.sty
Package: refcount 2019/12/15 v3.6 Data extraction from label references (HO)
)
(C:\Users\Usuario.DESKTOP-6PECA74\AppData\Local\Programs\MiKTeX\tex/generic/get
titlestring\gettitlestring.sty
Package: gettitlestring 2019/12/15 v1.6 Cleanup title references (HO)

(C:\Users\Usuario.DESKTOP-6PECA74\AppData\Local\Programs\MiKTeX\tex/latex/kvopt
ions\kvoptions.sty
Package: kvoptions 2022-06-15 v3.15 Key value format for package options (HO)
))
\c@section@level=\count281
)
\@linkdim=\dimen179
\Hy@linkcounter=\count282
\Hy@pagecounter=\count283

(C:\Users\Usuario.DESKTOP-6PECA74\AppData\Local\Programs\MiKTeX\tex/latex/hyper
ref\pd1enc.def
File: pd1enc.def 2023-02-07 v7.00v Hyperref: PDFDocEncoding definition (HO)
Now handling font encoding PD1 ...
... no UTF-8 mapping file for font encoding PD1
)
(C:\Users\Usuario.DESKTOP-6PECA74\AppData\Local\Programs\MiKTeX\tex/generic/int
calc\intcalc.sty
Package: intcalc 2019/12/15 v1.3 Expandable calculations with integers (HO)
)
(C:\Users\Usuario.DESKTOP-6PECA74\AppData\Local\Programs\MiKTeX\tex/generic/ete
xcmds\etexcmds.sty
Package: etexcmds 2019/12/15 v1.7 Avoid name clashes with e-TeX commands (HO)
)
\Hy@SavedSpaceFactor=\count284

(C:\Users\Usuario.DESKTOP-6PECA74\AppData\Local\Programs\MiKTeX\tex/latex/hyper
ref\puenc.def
File: puenc.def 2023-02-07 v7.00v Hyperref: PDF Unicode definition (HO)
Now handling font encoding PU ...
... no UTF-8 mapping file for font encoding PU
)
Package hyperref Info: Hyper figures OFF on input line 4177.
Package hyperref Info: Link nesting OFF on input line 4182.
Package hyperref Info: Hyper index ON on input line 4185.
Package hyperref Info: Plain pages OFF on input line 4192.
Package hyperref Info: Backreferencing OFF on input line 4197.
Package hyperref Info: Implicit mode ON; LaTeX internals redefined.
Package hyperref Info: Bookmarks ON on input line 4425.
\c@Hy@tempcnt=\count285

(C:\Users\Usuario.DESKTOP-6PECA74\AppData\Local\Programs\MiKTeX\tex/latex/url\u
rl.sty
\Urlmuskip=\muskip17
Package: url 2013/09/16  ver 3.4  Verb mode for urls, etc.
)
LaTeX Info: Redefining \url on input line 4763.
\XeTeXLinkMargin=\dimen180

(C:\Users\Usuario.DESKTOP-6PECA74\AppData\Local\Programs\MiKTeX\tex/generic/bit
set\bitset.sty
Package: bitset 2019/12/09 v1.3 Handle bit-vector datatype (HO)

(C:\Users\Usuario.DESKTOP-6PECA74\AppData\Local\Programs\MiKTeX\tex/generic/big
intcalc\bigintcalc.sty
Package: bigintcalc 2019/12/15 v1.5 Expandable calculations on big integers (HO
)
))
\Fld@menulength=\count286
\Field@Width=\dimen181
\Fld@charsize=\dimen182
Package hyperref Info: Hyper figures OFF on input line 6042.
Package hyperref Info: Link nesting OFF on input line 6047.
Package hyperref Info: Hyper index ON on input line 6050.
Package hyperref Info: backreferencing OFF on input line 6057.
Package hyperref Info: Link coloring OFF on input line 6062.
Package hyperref Info: Link coloring with OCG OFF on input line 6067.
Package hyperref Info: PDF/A mode OFF on input line 6072.

(C:\Users\Usuario.DESKTOP-6PECA74\AppData\Local\Programs\MiKTeX\tex/latex/base\
atbegshi-ltx.sty
Package: atbegshi-ltx 2021/01/10 v1.0c Emulation of the original atbegshi
package with kernel methods
)
\Hy@abspage=\count287
\c@Item=\count288
\c@Hfootnote=\count289
)
Package hyperref Info: Driver (autodetected): hpdftex.

(C:\Users\Usuario.DESKTOP-6PECA74\AppData\Local\Programs\MiKTeX\tex/latex/hyper
ref\hpdftex.def
File: hpdftex.def 2023-02-07 v7.00v Hyperref driver for pdfTeX

(C:\Users\Usuario.DESKTOP-6PECA74\AppData\Local\Programs\MiKTeX\tex/latex/base\
atveryend-ltx.sty
Package: atveryend-ltx 2020/08/19 v1.0a Emulation of the original atveryend pac
kage
with kernel methods
)
\Fld@listcount=\count290
\c@bookmark@seq@number=\count291

(C:\Users\Usuario.DESKTOP-6PECA74\AppData\Local\Programs\MiKTeX\tex/latex/rerun
filecheck\rerunfilecheck.sty
Package: rerunfilecheck 2022-07-10 v1.10 Rerun checks for auxiliary files (HO)

(C:\Users\Usuario.DESKTOP-6PECA74\AppData\Local\Programs\MiKTeX\tex/generic/uni
quecounter\uniquecounter.sty
Package: uniquecounter 2019/12/15 v1.4 Provide unlimited unique counter (HO)
)
Package uniquecounter Info: New unique counter `rerunfilecheck' on input line 2
85.
)
\Hy@SectionHShift=\skip55
)
Package hyperref Info: Option `colorlinks' set `true' on input line 25.

(C:\Users\Usuario.DESKTOP-6PECA74\AppData\Local\Programs\MiKTeX\tex/latex/l3bac
kend\l3backend-pdftex.def
File: l3backend-pdftex.def 2023-03-30 L3 backend support: PDF output (pdfTeX)
\l__color_backend_stack_int=\count292
\l__pdf_internal_box=\box54
) (CloudDelphi.aux
LaTeX Info: Redefining \. on input line 31.
LaTeX Info: Redefining \% on input line 31.
Package babel Info: 'spanish' activates 'spanish' shorthands.
(babel)             Reported  on input line 31.
)
\openout1 = `CloudDelphi.aux'.

LaTeX Font Info:    Checking defaults for OML/cmm/m/it on input line 30.
LaTeX Font Info:    ... okay on input line 30.
LaTeX Font Info:    Checking defaults for OMS/cmsy/m/n on input line 30.
LaTeX Font Info:    ... okay on input line 30.
LaTeX Font Info:    Checking defaults for OT1/cmr/m/n on input line 30.
LaTeX Font Info:    ... okay on input line 30.
LaTeX Font Info:    Checking defaults for T1/cmr/m/n on input line 30.
LaTeX Font Info:    ... okay on input line 30.
LaTeX Font Info:    Checking defaults for TS1/cmr/m/n on input line 30.
LaTeX Font Info:    ... okay on input line 30.
LaTeX Font Info:    Checking defaults for OMX/cmex/m/n on input line 30.
LaTeX Font Info:    ... okay on input line 30.
LaTeX Font Info:    Checking defaults for U/cmr/m/n on input line 30.
LaTeX Font Info:    ... okay on input line 30.
LaTeX Font Info:    Checking defaults for PD1/pdf/m/n on input line 30.
LaTeX Font Info:    ... okay on input line 30.
LaTeX Font Info:    Checking defaults for PU/pdf/m/n on input line 30.
LaTeX Font Info:    ... okay on input line 30.
LaTeX Info: Redefining \. on input line 30.
LaTeX Info: Redefining \% on input line 30.

(C:\Users\Usuario.DESKTOP-6PECA74\AppData\Local\Programs\MiKTeX\tex/context/bas
e/mkii\supp-pdf.mkii
[Loading MPS to PDF converter (version 2006.09.02).]
\scratchcounter=\count293
\scratchdimen=\dimen183
\scratchbox=\box55
\nofMPsegments=\count294
\nofMParguments=\count295
\everyMPshowfont=\toks27
\MPscratchCnt=\count296
\MPscratchDim=\dimen184
\MPnumerator=\count297
\makeMPintoPDFobject=\count298
\everyMPtoPDFconversion=\toks28
)
(C:\Users\Usuario.DESKTOP-6PECA74\AppData\Local\Programs\MiKTeX\tex/latex/epsto
pdf-pkg\epstopdf-base.sty
Package: epstopdf-base 2020-01-24 v2.11 Base part for package epstopdf
Package epstopdf-base Info: Redefining graphics rule for `.eps' on input line 4
85.

(C:\Users\Usuario.DESKTOP-6PECA74\AppData\Local\Programs\MiKTeX\tex/latex/00mik
tex\epstopdf-sys.cfg
File: epstopdf-sys.cfg 2021/03/18 v2.0 Configuration of epstopdf for MiKTeX
))
*geometry* driver: auto-detecting
*geometry* detected driver: pdftex
*geometry* verbose mode - [ preamble ] result:
* driver: pdftex
* paper: a4paper
* layout: <same size as paper>
* layoutoffset:(h,v)=(0.0pt,0.0pt)
* modes: 
* h-part:(L,W,R)=(71.13188pt, 455.24411pt, 71.13188pt)
* v-part:(T,H,B)=(71.13188pt, 702.78308pt, 71.13188pt)
* \paperwidth=597.50787pt
* \paperheight=845.04684pt
* \textwidth=455.24411pt
* \textheight=702.78308pt
* \oddsidemargin=-1.1381pt
* \evensidemargin=-1.1381pt
* \topmargin=-38.1381pt
* \headheight=12.0pt
* \headsep=25.0pt
* \topskip=11.0pt
* \footskip=30.0pt
* \marginparwidth=50.0pt
* \marginparsep=10.0pt
* \columnsep=10.0pt
* \skip\footins=10.0pt plus 4.0pt minus 2.0pt
* \hoffset=0.0pt
* \voffset=0.0pt
* \mag=1000
* \@twocolumnfalse
* \@twosidefalse
* \@mparswitchfalse
* \@reversemarginfalse
* (1in=72.27pt=25.4mm, 1cm=28.453pt)

Package hyperref Info: Link coloring ON on input line 30.
(CloudDelphi.out) (CloudDelphi.out)
\@outlinefile=\write3
\openout3 = `CloudDelphi.out'.

LaTeX Font Info:    Trying to load font information for U+msa on input line 51.


(C:\Users\Usuario.DESKTOP-6PECA74\AppData\Local\Programs\MiKTeX\tex/latex/amsfo
nts\umsa.fd
File: umsa.fd 2013/01/14 v3.01 AMS symbols A
)
LaTeX Font Info:    Trying to load font information for U+msb on input line 51.


(C:\Users\Usuario.DESKTOP-6PECA74\AppData\Local\Programs\MiKTeX\tex/latex/amsfo
nts\umsb.fd
File: umsb.fd 2013/01/14 v3.01 AMS symbols B
) [1

{C:/Users/Usuario.DESKTOP-6PECA74/AppData/Local/MiKTeX/fonts/map/pdftex/pdftex.
map}]

Package hyperref Warning: Token not allowed in a PDF string (Unicode):
(hyperref)                removing `math shift' on input line 88.


Package hyperref Warning: Token not allowed in a PDF string (Unicode):
(hyperref)                removing `math shift' on input line 88.


Package hyperref Warning: Token not allowed in a PDF string (Unicode):
(hyperref)                removing `math shift' on input line 100.


Package hyperref Warning: Token not allowed in a PDF string (Unicode):
(hyperref)                removing `math shift' on input line 100.

[2] [3]

Package hyperref Warning: Token not allowed in a PDF string (Unicode):
(hyperref)                removing `math shift' on input line 158.


Package hyperref Warning: Token not allowed in a PDF string (Unicode):
(hyperref)                removing `subscript' on input line 158.


Package hyperref Warning: Token not allowed in a PDF string (Unicode):
(hyperref)                removing `math shift' on input line 158.


Package hyperref Warning: Token not allowed in a PDF string (Unicode):
(hyperref)                removing `math shift' on input line 182.


Package hyperref Warning: Token not allowed in a PDF string (Unicode):
(hyperref)                removing `subscript' on input line 182.


Package hyperref Warning: Token not allowed in a PDF string (Unicode):
(hyperref)                removing `math shift' on input line 182.

[4]
<CloudDelphi_Evolution_Analysis.pdf, id=134, 1734.48pt x 650.43pt>
File: CloudDelphi_Evolution_Analysis.pdf Graphic file (type pdf)
<use CloudDelphi_Evolution_Analysis.pdf>
Package pdftex.def Info: CloudDelphi_Evolution_Analysis.pdf  used on input line
 208.
(pdftex.def)             Requested size: 432.48051pt x 162.18033pt.
 [5 <./CloudDelphi_Evolution_Analysis.pdf>] [6] (CloudDelphi.aux
LaTeX Info: Redefining \. on input line 31.
LaTeX Info: Redefining \% on input line 31.
)
Package rerunfilecheck Info: File `CloudDelphi.out' has not changed.
(rerunfilecheck)             Checksum: 7C9D63F42381C7132DCB31152FEA4307;3864.
 ) 
Here is how much of TeX's memory you used:
 12253 strings out of 476299
 195449 string characters out of 5778285
 1880351 words of memory out of 5000000
 32497 multiletter control sequences out of 15000+600000
 523462 words of font info for 74 fonts, out of 8000000 for 9000
 1141 hyphenation exceptions out of 8191
 75i,10n,76p,1302b,573s stack positions out of 10000i,1000n,20000p,200000b,200000s
<C:/Users/Usuario.DESKTOP-6PECA74/AppData/Local/Programs/MiKTeX/fonts/type1/p
ublic/amsfonts/cm/cmbx10.pfb><C:/Users/Usuario.DESKTOP-6PECA74/AppData/Local/Pr
ograms/MiKTeX/fonts/type1/public/amsfonts/cm/cmbx12.pfb><C:/Users/Usuario.DESKT
OP-6PECA74/AppData/Local/Programs/MiKTeX/fonts/type1/public/amsfonts/cm/cmbx7.p
fb><C:/Users/Usuario.DESKTOP-6PECA74/AppData/Local/Programs/MiKTeX/fonts/type1/
public/amsfonts/cm/cmbx8.pfb><C:/Users/Usuario.DESKTOP-6PECA74/AppData/Local/Pr
ograms/MiKTeX/fonts/type1/public/amsfonts/cm/cmex10.pfb><C:/Users/Usuario.DESKT
OP-6PECA74/AppData/Local/Programs/MiKTeX/fonts/type1/public/amsfonts/cm/cmmi10.
pfb><C:/Users/Usuario.DESKTOP-6PECA74/AppData/Local/Programs/MiKTeX/fonts/type1
/public/amsfonts/cm/cmmi6.pfb><C:/Users/Usuario.DESKTOP-6PECA74/AppData/Local/P
rograms/MiKTeX/fonts/type1/public/amsfonts/cm/cmmi7.pfb><C:/Users/Usuario.DESKT
OP-6PECA74/AppData/Local/Programs/MiKTeX/fonts/type1/public/amsfonts/cm/cmmi8.p
fb><C:/Users/Usuario.DESKTOP-6PECA74/AppData/Local/Programs/MiKTeX/fonts/type1/
public/amsfonts/cm/cmr10.pfb><C:/Users/Usuario.DESKTOP-6PECA74/AppData/Local/Pr
ograms/MiKTeX/fonts/type1/public/amsfonts/cm/cmr8.pfb><C:/Users/Usuario.DESKTOP
-6PECA74/AppData/Local/Programs/MiKTeX/fonts/type1/public/amsfonts/cm/cmsy10.pf
b><C:/Users/Usuario.DESKTOP-6PECA74/AppData/Local/Programs/MiKTeX/fonts/type1/p
ublic/amsfonts/cm/cmsy8.pfb><C:/Users/Usuario.DESKTOP-6PECA74/AppData/Local/Pro
grams/MiKTeX/fonts/type1/public/amsfonts/cm/cmti10.pfb><C:/Users/Usuario.DESKTO
P-6PECA74/AppData/Local/Programs/MiKTeX/fonts/type1/public/amsfonts/cm/cmtt10.p
fb>
Output written on CloudDelphi.pdf (6 pages, 1298753 bytes).
PDF statistics:
 238 PDF objects out of 1000 (max. 8388607)
 53 named destinations out of 1000 (max. 500000)
 118 words of extra memory for PDF output out of 10000 (max. 10000000)

